<?xml version="1.0" encoding="UTF-8"?>
<!-- Generated by org.testng.reporters.JUnitReportReporter -->
<testsuite skipped="0" hostname="DESKTOP-Q496GAK" name="Marketing_Project.Add_Auto_Due_Date" tests="4" failures="0" timestamp="24 Mar 2021 12:22:57 GMT" time="274.707" errors="0">
  <testcase name="Enable_Due_Date_By_Payment_Terms" time="20.292" classname="Marketing_Project.Add_Auto_Due_Date"/>
  <testcase name="Add_Commercial_customer" time="156.030" classname="Marketing_Project.Add_Auto_Due_Date"/>
  <testcase name="Add_BillRun_Cycle" time="28.324" classname="Marketing_Project.Add_Auto_Due_Date"/>
  <testcase name="Business_Days_Due_Date" time="70.061" classname="Marketing_Project.Add_Auto_Due_Date"/>
</testsuite> <!-- Marketing_Project.Add_Auto_Due_Date -->
