<?xml version="1.0" encoding="UTF-8"?>
<!-- Generated by org.testng.reporters.JUnitReportReporter -->
<testsuite skipped="0" hostname="DESKTOP-Q496GAK" name="Marketing_Project.Market_All_Cusotmer" tests="6" failures="0" timestamp="05 Apr 2021 08:43:50 GMT" time="251.515" errors="0">
  <testcase name="Customer_Type_Residential" time="64.054" classname="Marketing_Project.Market_All_Cusotmer"/>
  <testcase name="Customer_Type_Business" time="35.283" classname="Marketing_Project.Market_All_Cusotmer"/>
  <testcase name="Customer_Type_Commercial" time="43.746" classname="Marketing_Project.Market_All_Cusotmer"/>
  <testcase name="Add_Provisional_Service" time="42.496" classname="Marketing_Project.Market_All_Cusotmer"/>
  <testcase name="Add_Service_ND_Update" time="38.729" classname="Marketing_Project.Market_All_Cusotmer"/>
  <testcase name="Update_service_Commercial" time="27.207" classname="Marketing_Project.Market_All_Cusotmer"/>
</testsuite> <!-- Marketing_Project.Market_All_Cusotmer -->
