<?xml version="1.0" encoding="UTF-8"?>
<!-- Generated by org.testng.reporters.JUnitReportReporter -->
<testsuite skipped="0" hostname="DESKTOP-Q496GAK" name="Marketing_Project.Enable_Auto_Due_Date" tests="8" failures="0" timestamp="05 Apr 2021 08:43:50 GMT" time="711.015" errors="0">
  <testcase name="Enable_Due_Date_By_Payment_Terms" time="19.697" classname="Marketing_Project.Enable_Auto_Due_Date"/>
  <testcase name="Add_Commercial_customer" time="156.181" classname="Marketing_Project.Enable_Auto_Due_Date"/>
  <testcase name="Add_Residential_Customer" time="142.982" classname="Marketing_Project.Enable_Auto_Due_Date"/>
  <testcase name="Add_Bussiness_Customer" time="141.240" classname="Marketing_Project.Enable_Auto_Due_Date"/>
  <testcase name="Add_BillRun_Cycle" time="40.515" classname="Marketing_Project.Enable_Auto_Due_Date"/>
  <testcase name="Calender_Days_Due_Date" time="54.466" classname="Marketing_Project.Enable_Auto_Due_Date"/>
  <testcase name="End_of_Month_Due_Date" time="63.114" classname="Marketing_Project.Enable_Auto_Due_Date"/>
  <testcase name="Business_Days_Due_Date" time="92.820" classname="Marketing_Project.Enable_Auto_Due_Date"/>
</testsuite> <!-- Marketing_Project.Enable_Auto_Due_Date -->
