<?xml version="1.0" encoding="UTF-8"?>
<!-- Generated by org.testng.reporters.JUnitReportReporter -->
<testsuite skipped="0" hostname="DESKTOP-Q496GAK" name="Marketing_Project.Two_Customers_Bill_Run" tests="12" failures="0" timestamp="05 Apr 2021 08:43:50 GMT" time="473.664" errors="0">
  <testcase name="Add_First_Customer_and_Service" time="72.631" classname="Marketing_Project.Two_Customers_Bill_Run"/>
  <testcase name="Add_Meter" time="17.726" classname="Marketing_Project.Two_Customers_Bill_Run"/>
  <testcase name="Add_Meter_Register" time="11.794" classname="Marketing_Project.Two_Customers_Bill_Run"/>
  <testcase name="Add_Meter_Reads" time="46.052" classname="Marketing_Project.Two_Customers_Bill_Run"/>
  <testcase name="Add_Second_Customer_and_Service" time="72.455" classname="Marketing_Project.Two_Customers_Bill_Run"/>
  <testcase name="Add_Metering_Second_Customer" time="83.116" classname="Marketing_Project.Two_Customers_Bill_Run"/>
  <testcase name="Add_BillRun_Cycle" time="34.261" classname="Marketing_Project.Two_Customers_Bill_Run"/>
  <testcase name="Bill_Run" time="24.565" classname="Marketing_Project.Two_Customers_Bill_Run"/>
  <testcase name="Full_Statement_Rollback" time="8.127" classname="Marketing_Project.Two_Customers_Bill_Run"/>
  <testcase name="Single_Customer_Rollback" time="49.531" classname="Marketing_Project.Two_Customers_Bill_Run"/>
  <testcase name="Rebill_and_Reuse_Statement" time="21.761" classname="Marketing_Project.Two_Customers_Bill_Run"/>
  <testcase name="Rebill_with_new_Statement" time="31.645" classname="Marketing_Project.Two_Customers_Bill_Run"/>
</testsuite> <!-- Marketing_Project.Two_Customers_Bill_Run -->
