<?xml version="1.0" encoding="UTF-8"?>
<!-- Generated by org.testng.reporters.JUnitReportReporter -->
<testsuite skipped="0" hostname="DESKTOP-Q496GAK" name="Marketing_Project.Two_Customer_Bill_Run" tests="12" failures="0" timestamp="24 Mar 2021 05:42:27 GMT" time="470.321" errors="0">
  <testcase name="Add_First_Customer_and_Service" time="73.983" classname="Marketing_Project.Two_Customer_Bill_Run"/>
  <testcase name="Add_Meter" time="17.599" classname="Marketing_Project.Two_Customer_Bill_Run"/>
  <testcase name="Add_Meter_Register" time="11.568" classname="Marketing_Project.Two_Customer_Bill_Run"/>
  <testcase name="Add_Meter_Reads" time="44.840" classname="Marketing_Project.Two_Customer_Bill_Run"/>
  <testcase name="Add_Second_Customer_and_Service" time="72.121" classname="Marketing_Project.Two_Customer_Bill_Run"/>
  <testcase name="Add_Metering_Second_Customer" time="82.544" classname="Marketing_Project.Two_Customer_Bill_Run"/>
  <testcase name="Add_BillRun_Cycle" time="33.872" classname="Marketing_Project.Two_Customer_Bill_Run"/>
  <testcase name="Bill_Run" time="24.112" classname="Marketing_Project.Two_Customer_Bill_Run"/>
  <testcase name="Full_Statement_Rollback" time="8.209" classname="Marketing_Project.Two_Customer_Bill_Run"/>
  <testcase name="Single_Customer_Rollback" time="48.827" classname="Marketing_Project.Two_Customer_Bill_Run"/>
  <testcase name="Rebill_and_Reuse_Statement" time="20.800" classname="Marketing_Project.Two_Customer_Bill_Run"/>
  <testcase name="Rebill_with_new_Statement" time="31.846" classname="Marketing_Project.Two_Customer_Bill_Run"/>
</testsuite> <!-- Marketing_Project.Two_Customer_Bill_Run -->
