<?xml version="1.0" encoding="UTF-8"?>
<!-- Generated by org.testng.reporters.JUnitReportReporter -->
<testsuite skipped="0" hostname="SQELabs" name="Marketing_Project.Import_Services" tests="4" failures="0" timestamp="26 Oct 2018 07:03:17 GMT" time="128.324" errors="0">
  <testcase name="Add_Customer" time="23.424" classname="Marketing_Project.Import_Services"/>
  <testcase name="Service_AddProvisioning" time="45.470" classname="Marketing_Project.Import_Services"/>
  <testcase name="Import_TOU_Definition" time="30.346" classname="Marketing_Project.Import_Services"/>
  <testcase name="NMI_service_Import" time="29.084" classname="Marketing_Project.Import_Services"/>
</testsuite> <!-- Marketing_Project.Import_Services -->
