<?xml version="1.0" encoding="UTF-8"?>
<!-- Generated by org.testng.reporters.JUnitReportReporter -->
<testsuite skipped="0" hostname="SQELabs" name="Marketing_Project.Add_Customer" tests="3" failures="0" timestamp="26 Oct 2018 07:09:05 GMT" time="69.453" errors="0">
  <testcase name="CustomerWith_SaveOnly" time="21.008" classname="Marketing_Project.Add_Customer"/>
  <testcase name="Cust_withSaveandAddProvisioning" time="12.133" classname="Marketing_Project.Add_Customer"/>
  <testcase name="Add_ProvisioningService" time="36.312" classname="Marketing_Project.Add_Customer"/>
</testsuite> <!-- Marketing_Project.Add_Customer -->
