<?xml version="1.0" encoding="UTF-8"?>
<!-- Generated by org.testng.reporters.JUnitReportReporter -->
<testsuite skipped="0" hostname="SQELabs" name="Marketing_Project.Add_Plans" tests="1" failures="0" timestamp="26 Oct 2018 06:52:54 GMT" time="37.842" errors="0">
  <testcase name="Add_Plan" time="37.842" classname="Marketing_Project.Add_Plans"/>
</testsuite> <!-- Marketing_Project.Add_Plans -->
