<?xml version="1.0" encoding="UTF-8"?>
<!-- Generated by org.testng.reporters.JUnitReportReporter -->
<testsuite skipped="0" hostname="DESKTOP-Q496GAK" name="Marketing_Project.bussinesstest" tests="1" failures="0" timestamp="05 Apr 2021 11:05:51 GMT" time="22.337" errors="0">
  <testcase name="Business_Days_Due_Date" time="22.337" classname="Marketing_Project.bussinesstest"/>
</testsuite> <!-- Marketing_Project.bussinesstest -->
